Determining if the C compiler works failed with the following output:
Change Dir: C:/Users/Азат/Documents/GitHub/Heap/BinomialHeap/cmake-build-debug/CMakeFiles/CMakeTmp

Run Build Command:"C:/PROGRA~1/MINGW-~1/X86_64~1.0-P/mingw64/bin/mingw32-make.exe" "cmTC_b1baf/fast"
C:/PROGRA~1/MINGW-~1/X86_64~1.0-P/mingw64/bin/mingw32-make.exe -f CMakeFiles\cmTC_b1baf.dir\build.make CMakeFiles/cmTC_b1baf.dir/build
mingw32-make.exe[1]: Entering directory 'C:/Users/└чрЄ/Documents/GitHub/Heap/BinomialHeap/cmake-build-debug/CMakeFiles/CMakeTmp'
Building C object CMakeFiles/cmTC_b1baf.dir/testCCompiler.c.obj
C:\PROGRA~1\MINGW-~1\X86_64~1.0-P\mingw64\bin\gcc.exe    -o CMakeFiles\cmTC_b1baf.dir\testCCompiler.c.obj   -c C:\Users\╨Р╨╖╨░╤В\Documents\GitHub\Heap\BinomialHeap\cmake-build-debug\CMakeFiles\CMakeTmp\testCCompiler.c
gcc.exe: error: C:\Users\╨Р╨╖╨░╤В\Documents\GitHub\Heap\BinomialHeap\cmake-build-debug\CMakeFiles\CMakeTmp\testCCompiler.c: No such file or directory
gcc.exe: fatal error: no input files
compilation terminated.
mingw32-make.exe[1]: *** [CMakeFiles\cmTC_b1baf.dir\build.make:65: CMakeFiles/cmTC_b1baf.dir/testCCompiler.c.obj] Error 1
mingw32-make.exe[1]: Leaving directory 'C:/Users/└чрЄ/Documents/GitHub/Heap/BinomialHeap/cmake-build-debug/CMakeFiles/CMakeTmp'
mingw32-make.exe: *** [Makefile:120: cmTC_b1baf/fast] Error 2


